e:\raindrops\raindropcode\x64\debug\vc142.pdb
e:\raindrops\raindropcode\x64\debug\vc142.idb
e:\raindrops\raindropcode\x64\debug\vbo.obj
e:\raindrops\raindropcode\x64\debug\vao.obj
e:\raindrops\raindropcode\x64\debug\texture.obj
e:\raindrops\raindropcode\x64\debug\stb.obj
e:\raindrops\raindropcode\x64\debug\shaderclass.obj
e:\raindrops\raindropcode\x64\debug\model.obj
e:\raindrops\raindropcode\x64\debug\mesh.obj
e:\raindrops\raindropcode\x64\debug\main.obj
e:\raindrops\raindropcode\x64\debug\ebo.obj
e:\raindrops\raindropcode\x64\debug\camera.obj
e:\raindrops\raindropcode\x64\debug\glad.obj
e:\raindrops\raindropcode\x64\debug\raindrops.exe
e:\raindrops\raindropcode\x64\debug\raindrops.ilk
e:\raindrops\raindropcode\x64\debug\raindrops.pdb
e:\raindrops\raindropcode\x64\debug\raindrops.tlog\cl.command.1.tlog
e:\raindrops\raindropcode\x64\debug\raindrops.tlog\cl.read.1.tlog
e:\raindrops\raindropcode\x64\debug\raindrops.tlog\cl.write.1.tlog
e:\raindrops\raindropcode\x64\debug\raindrops.tlog\link.command.1.tlog
e:\raindrops\raindropcode\x64\debug\raindrops.tlog\link.read.1.tlog
e:\raindrops\raindropcode\x64\debug\raindrops.tlog\link.write.1.tlog
